G75*
%MOIN*%
%OFA0B0*%
%FSLAX24Y24*%
%IPPOS*%
%LPD*%
%AMOC8*
5,1,8,0,0,1.08239X$1,22.5*
%
%ADD10C,0.0000*%
D10*
X000100Y000100D02*
X000100Y019060D01*
X026100Y017060D01*
X026100Y002100D01*
X000100Y000100D01*
X002396Y003620D02*
X002398Y003682D01*
X002404Y003745D01*
X002414Y003806D01*
X002428Y003867D01*
X002445Y003927D01*
X002466Y003986D01*
X002492Y004043D01*
X002520Y004098D01*
X002552Y004152D01*
X002588Y004203D01*
X002626Y004253D01*
X002668Y004299D01*
X002712Y004343D01*
X002760Y004384D01*
X002809Y004422D01*
X002861Y004456D01*
X002915Y004487D01*
X002971Y004515D01*
X003029Y004539D01*
X003088Y004560D01*
X003148Y004576D01*
X003209Y004589D01*
X003271Y004598D01*
X003333Y004603D01*
X003396Y004604D01*
X003458Y004601D01*
X003520Y004594D01*
X003582Y004583D01*
X003642Y004568D01*
X003702Y004550D01*
X003760Y004528D01*
X003817Y004502D01*
X003872Y004472D01*
X003925Y004439D01*
X003976Y004403D01*
X004024Y004364D01*
X004070Y004321D01*
X004113Y004276D01*
X004153Y004228D01*
X004190Y004178D01*
X004224Y004125D01*
X004255Y004071D01*
X004281Y004015D01*
X004305Y003957D01*
X004324Y003897D01*
X004340Y003837D01*
X004352Y003775D01*
X004360Y003714D01*
X004364Y003651D01*
X004364Y003589D01*
X004360Y003526D01*
X004352Y003465D01*
X004340Y003403D01*
X004324Y003343D01*
X004305Y003283D01*
X004281Y003225D01*
X004255Y003169D01*
X004224Y003115D01*
X004190Y003062D01*
X004153Y003012D01*
X004113Y002964D01*
X004070Y002919D01*
X004024Y002876D01*
X003976Y002837D01*
X003925Y002801D01*
X003872Y002768D01*
X003817Y002738D01*
X003760Y002712D01*
X003702Y002690D01*
X003642Y002672D01*
X003582Y002657D01*
X003520Y002646D01*
X003458Y002639D01*
X003396Y002636D01*
X003333Y002637D01*
X003271Y002642D01*
X003209Y002651D01*
X003148Y002664D01*
X003088Y002680D01*
X003029Y002701D01*
X002971Y002725D01*
X002915Y002753D01*
X002861Y002784D01*
X002809Y002818D01*
X002760Y002856D01*
X002712Y002897D01*
X002668Y002941D01*
X002626Y002987D01*
X002588Y003037D01*
X002552Y003088D01*
X002520Y003142D01*
X002492Y003197D01*
X002466Y003254D01*
X002445Y003313D01*
X002428Y003373D01*
X002414Y003434D01*
X002404Y003495D01*
X002398Y003558D01*
X002396Y003620D01*
X002316Y015500D02*
X002318Y015562D01*
X002324Y015625D01*
X002334Y015686D01*
X002348Y015747D01*
X002365Y015807D01*
X002386Y015866D01*
X002412Y015923D01*
X002440Y015978D01*
X002472Y016032D01*
X002508Y016083D01*
X002546Y016133D01*
X002588Y016179D01*
X002632Y016223D01*
X002680Y016264D01*
X002729Y016302D01*
X002781Y016336D01*
X002835Y016367D01*
X002891Y016395D01*
X002949Y016419D01*
X003008Y016440D01*
X003068Y016456D01*
X003129Y016469D01*
X003191Y016478D01*
X003253Y016483D01*
X003316Y016484D01*
X003378Y016481D01*
X003440Y016474D01*
X003502Y016463D01*
X003562Y016448D01*
X003622Y016430D01*
X003680Y016408D01*
X003737Y016382D01*
X003792Y016352D01*
X003845Y016319D01*
X003896Y016283D01*
X003944Y016244D01*
X003990Y016201D01*
X004033Y016156D01*
X004073Y016108D01*
X004110Y016058D01*
X004144Y016005D01*
X004175Y015951D01*
X004201Y015895D01*
X004225Y015837D01*
X004244Y015777D01*
X004260Y015717D01*
X004272Y015655D01*
X004280Y015594D01*
X004284Y015531D01*
X004284Y015469D01*
X004280Y015406D01*
X004272Y015345D01*
X004260Y015283D01*
X004244Y015223D01*
X004225Y015163D01*
X004201Y015105D01*
X004175Y015049D01*
X004144Y014995D01*
X004110Y014942D01*
X004073Y014892D01*
X004033Y014844D01*
X003990Y014799D01*
X003944Y014756D01*
X003896Y014717D01*
X003845Y014681D01*
X003792Y014648D01*
X003737Y014618D01*
X003680Y014592D01*
X003622Y014570D01*
X003562Y014552D01*
X003502Y014537D01*
X003440Y014526D01*
X003378Y014519D01*
X003316Y014516D01*
X003253Y014517D01*
X003191Y014522D01*
X003129Y014531D01*
X003068Y014544D01*
X003008Y014560D01*
X002949Y014581D01*
X002891Y014605D01*
X002835Y014633D01*
X002781Y014664D01*
X002729Y014698D01*
X002680Y014736D01*
X002632Y014777D01*
X002588Y014821D01*
X002546Y014867D01*
X002508Y014917D01*
X002472Y014968D01*
X002440Y015022D01*
X002412Y015077D01*
X002386Y015134D01*
X002365Y015193D01*
X002348Y015253D01*
X002334Y015314D01*
X002324Y015375D01*
X002318Y015438D01*
X002316Y015500D01*
X021716Y014160D02*
X021718Y014222D01*
X021724Y014285D01*
X021734Y014346D01*
X021748Y014407D01*
X021765Y014467D01*
X021786Y014526D01*
X021812Y014583D01*
X021840Y014638D01*
X021872Y014692D01*
X021908Y014743D01*
X021946Y014793D01*
X021988Y014839D01*
X022032Y014883D01*
X022080Y014924D01*
X022129Y014962D01*
X022181Y014996D01*
X022235Y015027D01*
X022291Y015055D01*
X022349Y015079D01*
X022408Y015100D01*
X022468Y015116D01*
X022529Y015129D01*
X022591Y015138D01*
X022653Y015143D01*
X022716Y015144D01*
X022778Y015141D01*
X022840Y015134D01*
X022902Y015123D01*
X022962Y015108D01*
X023022Y015090D01*
X023080Y015068D01*
X023137Y015042D01*
X023192Y015012D01*
X023245Y014979D01*
X023296Y014943D01*
X023344Y014904D01*
X023390Y014861D01*
X023433Y014816D01*
X023473Y014768D01*
X023510Y014718D01*
X023544Y014665D01*
X023575Y014611D01*
X023601Y014555D01*
X023625Y014497D01*
X023644Y014437D01*
X023660Y014377D01*
X023672Y014315D01*
X023680Y014254D01*
X023684Y014191D01*
X023684Y014129D01*
X023680Y014066D01*
X023672Y014005D01*
X023660Y013943D01*
X023644Y013883D01*
X023625Y013823D01*
X023601Y013765D01*
X023575Y013709D01*
X023544Y013655D01*
X023510Y013602D01*
X023473Y013552D01*
X023433Y013504D01*
X023390Y013459D01*
X023344Y013416D01*
X023296Y013377D01*
X023245Y013341D01*
X023192Y013308D01*
X023137Y013278D01*
X023080Y013252D01*
X023022Y013230D01*
X022962Y013212D01*
X022902Y013197D01*
X022840Y013186D01*
X022778Y013179D01*
X022716Y013176D01*
X022653Y013177D01*
X022591Y013182D01*
X022529Y013191D01*
X022468Y013204D01*
X022408Y013220D01*
X022349Y013241D01*
X022291Y013265D01*
X022235Y013293D01*
X022181Y013324D01*
X022129Y013358D01*
X022080Y013396D01*
X022032Y013437D01*
X021988Y013481D01*
X021946Y013527D01*
X021908Y013577D01*
X021872Y013628D01*
X021840Y013682D01*
X021812Y013737D01*
X021786Y013794D01*
X021765Y013853D01*
X021748Y013913D01*
X021734Y013974D01*
X021724Y014035D01*
X021718Y014098D01*
X021716Y014160D01*
X021636Y005380D02*
X021638Y005442D01*
X021644Y005505D01*
X021654Y005566D01*
X021668Y005627D01*
X021685Y005687D01*
X021706Y005746D01*
X021732Y005803D01*
X021760Y005858D01*
X021792Y005912D01*
X021828Y005963D01*
X021866Y006013D01*
X021908Y006059D01*
X021952Y006103D01*
X022000Y006144D01*
X022049Y006182D01*
X022101Y006216D01*
X022155Y006247D01*
X022211Y006275D01*
X022269Y006299D01*
X022328Y006320D01*
X022388Y006336D01*
X022449Y006349D01*
X022511Y006358D01*
X022573Y006363D01*
X022636Y006364D01*
X022698Y006361D01*
X022760Y006354D01*
X022822Y006343D01*
X022882Y006328D01*
X022942Y006310D01*
X023000Y006288D01*
X023057Y006262D01*
X023112Y006232D01*
X023165Y006199D01*
X023216Y006163D01*
X023264Y006124D01*
X023310Y006081D01*
X023353Y006036D01*
X023393Y005988D01*
X023430Y005938D01*
X023464Y005885D01*
X023495Y005831D01*
X023521Y005775D01*
X023545Y005717D01*
X023564Y005657D01*
X023580Y005597D01*
X023592Y005535D01*
X023600Y005474D01*
X023604Y005411D01*
X023604Y005349D01*
X023600Y005286D01*
X023592Y005225D01*
X023580Y005163D01*
X023564Y005103D01*
X023545Y005043D01*
X023521Y004985D01*
X023495Y004929D01*
X023464Y004875D01*
X023430Y004822D01*
X023393Y004772D01*
X023353Y004724D01*
X023310Y004679D01*
X023264Y004636D01*
X023216Y004597D01*
X023165Y004561D01*
X023112Y004528D01*
X023057Y004498D01*
X023000Y004472D01*
X022942Y004450D01*
X022882Y004432D01*
X022822Y004417D01*
X022760Y004406D01*
X022698Y004399D01*
X022636Y004396D01*
X022573Y004397D01*
X022511Y004402D01*
X022449Y004411D01*
X022388Y004424D01*
X022328Y004440D01*
X022269Y004461D01*
X022211Y004485D01*
X022155Y004513D01*
X022101Y004544D01*
X022049Y004578D01*
X022000Y004616D01*
X021952Y004657D01*
X021908Y004701D01*
X021866Y004747D01*
X021828Y004797D01*
X021792Y004848D01*
X021760Y004902D01*
X021732Y004957D01*
X021706Y005014D01*
X021685Y005073D01*
X021668Y005133D01*
X021654Y005194D01*
X021644Y005255D01*
X021638Y005318D01*
X021636Y005380D01*
M02*
